<?xml version="1.0" encoding="utf-8"?><testsuites name="pytest tests"><testsuite name="pytest" errors="0" failures="0" skipped="0" tests="16" time="3.543" timestamp="2026-06-13T17:36:31.299460+00:00" hostname="agent-env-6afe834d-1faa-47b7-90e3-19f453901dcf"><testcase classname="backend.tests.test_lily_api" name="test_auth_me_admin" time="0.172" /><testcase classname="backend.tests.test_lily_api" name="test_auth_me_student" time="0.138" /><testcase classname="backend.tests.test_lily_api" name="test_auth_me_unauth" time="0.119" /><testcase classname="backend.tests.test_lily_api" name="test_products_list" time="0.121" /><testcase classname="backend.tests.test_lily_api" name="test_blog_list" time="0.142" /><testcase classname="backend.tests.test_lily_api" name="test_blog_detail" time="0.172" /><testcase classname="backend.tests.test_lily_api" name="test_admin_stats_admin" time="0.152" /><testcase classname="backend.tests.test_lily_api" name="test_admin_stats_student_forbidden" time="0.134" /><testcase classname="backend.tests.test_lily_api" name="test_admin_bookings_admin" time="0.153" /><testcase classname="backend.tests.test_lily_api" name="test_admin_bookings_student_forbidden" time="0.136" /><testcase classname="backend.tests.test_lily_api" name="test_admin_students_admin" time="0.162" /><testcase classname="backend.tests.test_lily_api" name="test_admin_students_student_forbidden" time="0.115" /><testcase classname="backend.tests.test_lily_api" name="test_admin_add_availability" time="0.197" /><testcase classname="backend.tests.test_lily_api" name="test_my_bookings_student" time="0.125" /><testcase classname="backend.tests.test_lily_api" name="test_stripe_checkout_creates_session" time="1.141" /><testcase classname="backend.tests.test_lily_api" name="test_stripe_checkout_unauth" time="0.130" /></testsuite></testsuites>